<?xml version="1.0" encoding="UTF-8"?>
<!-- Generated by org.testng.reporters.JUnitXMLReporter -->
<testsuite hostname="LAPTOP-ETMNRLTD" failures="0" tests="4" name="Default test" time="0.061" errors="0" timestamp="31 Jul 2025 03:54:30 GMT">
  <testcase classname="NewGroup.KhushiProjFinal.Test3" name="a3" time="0.018"/>
  <testcase classname="NewGroup.KhushiProjFinal.Test3" name="a4" time="0.003"/>
  <testcase classname="NewGroup.KhushiProjFinal.Test3" name="a2" time="0.003"/>
  <testcase classname="NewGroup.KhushiProjFinal.Test3" name="a2" time="0.003"/>
</testsuite> <!-- Default test -->
