<?xml version="1.0" encoding="UTF-8"?>
<!-- Generated by org.testng.reporters.JUnitXMLReporter -->
<testsuite hostname="LAPTOP-ETMNRLTD" failures="0" tests="5" name="Default test" time="0.073" errors="0" timestamp="31 Jul 2025 03:59:23 GMT">
  <testcase classname="NewGroup.KhushiProjFinal.Test3" name="a3" time="0.021"/>
  <testcase classname="NewGroup.KhushiProjFinal.Test3" name="a1" time="0.005"/>
  <testcase classname="NewGroup.KhushiProjFinal.Test3" name="a4" time="0.003"/>
  <testcase classname="NewGroup.KhushiProjFinal.Test3" name="a2" time="0.004"/>
  <testcase classname="NewGroup.KhushiProjFinal.Test3" name="a2" time="0.003"/>
</testsuite> <!-- Default test -->
