<?xml version="1.0" encoding="UTF-8"?>
<testng-results total="2" passed="2" failed="0" skipped="0">
  <reporter-output>
  </reporter-output>
  <suite started-at="2025-07-31T03:44:39Z" name="Default suite" finished-at="2025-07-31T03:44:39Z" duration-ms="51">
    <groups>
    </groups>
    <test started-at="2025-07-31T03:44:39Z" name="Default test" finished-at="2025-07-31T03:44:39Z" duration-ms="51">
      <class name="NewGroup.KhushiProjFinal.Test2">
        <test-method is-config="true" signature="bc()[pri:0, instance:NewGroup.KhushiProjFinal.Test2@742ff096]" started-at="2025-07-31T09:14:39Z" name="bc" finished-at="2025-07-31T09:14:39Z" duration-ms="10" status="PASS">
          <reporter-output>
          </reporter-output>
        </test-method> <!-- bc -->
        <test-method is-config="true" signature="BM2()[pri:0, instance:NewGroup.KhushiProjFinal.Test2@742ff096]" started-at="2025-07-31T09:14:39Z" name="BM2" finished-at="2025-07-31T09:14:39Z" duration-ms="0" status="PASS">
          <reporter-output>
          </reporter-output>
        </test-method> <!-- BM2 -->
        <test-method is-config="true" signature="BM3()[pri:0, instance:NewGroup.KhushiProjFinal.Test2@742ff096]" started-at="2025-07-31T09:14:39Z" name="BM3" finished-at="2025-07-31T09:14:39Z" duration-ms="1" status="PASS">
          <reporter-output>
          </reporter-output>
        </test-method> <!-- BM3 -->
        <test-method signature="t1()[pri:0, instance:NewGroup.KhushiProjFinal.Test2@742ff096]" started-at="2025-07-31T09:14:39Z" name="t1" finished-at="2025-07-31T09:14:39Z" duration-ms="9" status="PASS">
          <reporter-output>
          </reporter-output>
        </test-method> <!-- t1 -->
        <test-method is-config="true" signature="AM1()[pri:0, instance:NewGroup.KhushiProjFinal.Test2@742ff096]" started-at="2025-07-31T09:14:39Z" name="AM1" finished-at="2025-07-31T09:14:39Z" duration-ms="1" status="PASS">
          <reporter-output>
          </reporter-output>
        </test-method> <!-- AM1 -->
        <test-method is-config="true" signature="BM2()[pri:0, instance:NewGroup.KhushiProjFinal.Test2@742ff096]" started-at="2025-07-31T09:14:39Z" name="BM2" finished-at="2025-07-31T09:14:39Z" duration-ms="1" status="PASS">
          <reporter-output>
          </reporter-output>
        </test-method> <!-- BM2 -->
        <test-method signature="t2()[pri:0, instance:NewGroup.KhushiProjFinal.Test2@742ff096]" started-at="2025-07-31T09:14:39Z" name="t2" finished-at="2025-07-31T09:14:39Z" duration-ms="4" status="PASS">
          <reporter-output>
          </reporter-output>
        </test-method> <!-- t2 -->
        <test-method is-config="true" signature="BM3()[pri:0, instance:NewGroup.KhushiProjFinal.Test2@742ff096]" started-at="2025-07-31T09:14:39Z" name="BM3" finished-at="2025-07-31T09:14:39Z" duration-ms="0" status="PASS">
          <reporter-output>
          </reporter-output>
        </test-method> <!-- BM3 -->
        <test-method is-config="true" signature="AM1()[pri:0, instance:NewGroup.KhushiProjFinal.Test2@742ff096]" started-at="2025-07-31T09:14:39Z" name="AM1" finished-at="2025-07-31T09:14:39Z" duration-ms="1" status="PASS">
          <reporter-output>
          </reporter-output>
        </test-method> <!-- AM1 -->
        <test-method is-config="true" signature="ac()[pri:0, instance:NewGroup.KhushiProjFinal.Test2@742ff096]" started-at="2025-07-31T09:14:39Z" name="ac" finished-at="2025-07-31T09:14:39Z" duration-ms="1" status="PASS">
          <reporter-output>
          </reporter-output>
        </test-method> <!-- ac -->
      </class> <!-- NewGroup.KhushiProjFinal.Test2 -->
    </test> <!-- Default test -->
  </suite> <!-- Default suite -->
</testng-results>
