<?xml version="1.0" encoding="UTF-8"?>
<!-- Generated by org.testng.reporters.JUnitXMLReporter -->
<testsuite hostname="LAPTOP-ETMNRLTD" failures="0" tests="8" name="MyTest" time="0.075" errors="0" timestamp="31 Jul 2025 03:59:35 GMT">
  <testcase classname="NewGroup.KhushiProjFinal.Test3" name="a3" time="0.023"/>
  <testcase classname="NewGroup.KhushiProjFinal.Test1" name="t1" time="0.002"/>
  <testcase classname="NewGroup.KhushiProjFinal.Test2" name="t1" time="0.001"/>
  <testcase classname="NewGroup.KhushiProjFinal.Test2" name="t2" time="0.002"/>
  <testcase classname="NewGroup.KhushiProjFinal.Test3" name="a1" time="0.005"/>
  <testcase classname="NewGroup.KhushiProjFinal.Test3" name="a4" time="0.001"/>
  <testcase classname="NewGroup.KhushiProjFinal.Test3" name="a2" time="0.001"/>
  <testcase classname="NewGroup.KhushiProjFinal.Test3" name="a2" time="0.001"/>
</testsuite> <!-- MyTest -->
